[0926/155650.462:ERROR:process_reader_win.cc(151)] SuspendThread: Access is denied. (0x5)
[0926/155650.496:ERROR:process_reader_win.cc(151)] SuspendThread: Access is denied. (0x5)
[0926/155650.496:ERROR:process_reader_win.cc(123)] NtOpenThread: {Access Denied} A process has requested access to an object, but has not been granted those access rights. (0xc0000022)
[0926/155650.532:ERROR:exception_snapshot_win.cc(99)] thread ID 5496 not found in process
[0926/155650.668:ERROR:process_reader_win.cc(151)] SuspendThread: Access is denied. (0x5)
[0926/155650.669:ERROR:process_reader_win.cc(151)] SuspendThread: Access is denied. (0x5)
[0926/155650.669:ERROR:process_reader_win.cc(151)] SuspendThread: Access is denied. (0x5)
[0926/155650.669:ERROR:process_reader_win.cc(123)] NtOpenThread: {Access Denied} A process has requested access to an object, but has not been granted those access rights. (0xc0000022)
[0926/155650.674:ERROR:exception_snapshot_win.cc(99)] thread ID 21576 not found in process
[0926/160650.961:ERROR:process_reader_win.cc(151)] SuspendThread: Access is denied. (0x5)
[0926/160651.040:ERROR:process_reader_win.cc(123)] NtOpenThread: {Access Denied} A process has requested access to an object, but has not been granted those access rights. (0xc0000022)
[0926/160651.041:ERROR:exception_snapshot_win.cc(99)] thread ID 17112 not found in process
[0926/160651.012:ERROR:process_reader_win.cc(151)] SuspendThread: Access is denied. (0x5)
[0926/160651.045:ERROR:process_reader_win.cc(123)] NtOpenThread: {Access Denied} A process has requested access to an object, but has not been granted those access rights. (0xc0000022)
[0926/160651.045:ERROR:exception_snapshot_win.cc(99)] thread ID 17108 not found in process
[0926/160651.074:ERROR:process_reader_win.cc(151)] SuspendThread: Access is denied. (0x5)
[0926/160651.074:ERROR:process_reader_win.cc(151)] SuspendThread: Access is denied. (0x5)
[0926/160651.074:ERROR:process_reader_win.cc(151)] SuspendThread: Access is denied. (0x5)
[0926/160651.074:ERROR:process_reader_win.cc(151)] SuspendThread: Access is denied. (0x5)
[0926/160651.074:ERROR:process_reader_win.cc(123)] NtOpenThread: {Access Denied} A process has requested access to an object, but has not been granted those access rights. (0xc0000022)
[0926/160651.074:ERROR:exception_snapshot_win.cc(99)] thread ID 17116 not found in process
[0926/161132.077:ERROR:process_reader_win.cc(151)] SuspendThread: Access is denied. (0x5)
[0926/161132.087:ERROR:process_reader_win.cc(151)] SuspendThread: Access is denied. (0x5)
[0926/161132.087:ERROR:process_reader_win.cc(123)] NtOpenThread: {Access Denied} A process has requested access to an object, but has not been granted those access rights. (0xc0000022)
[0926/161132.087:ERROR:exception_snapshot_win.cc(99)] thread ID 17096 not found in process
[0926/161132.098:ERROR:process_reader_win.cc(151)] SuspendThread: Access is denied. (0x5)
[0926/161132.098:ERROR:process_reader_win.cc(151)] SuspendThread: Access is denied. (0x5)
[0926/161132.098:ERROR:process_reader_win.cc(151)] SuspendThread: Access is denied. (0x5)
[0926/161132.098:ERROR:process_reader_win.cc(151)] SuspendThread: Access is denied. (0x5)
[0926/161132.098:ERROR:process_reader_win.cc(123)] NtOpenThread: {Access Denied} A process has requested access to an object, but has not been granted those access rights. (0xc0000022)
[0926/161132.098:ERROR:exception_snapshot_win.cc(99)] thread ID 12752 not found in process
[0926/161132.194:ERROR:process_reader_win.cc(123)] NtOpenThread: {Access Denied} A process has requested access to an object, but has not been granted those access rights. (0xc0000022)
[0926/161132.194:ERROR:exception_snapshot_win.cc(99)] thread ID 10192 not found in process
[0927/232336.320:ERROR:process_reader_win.cc(123)] NtOpenThread: {Access Denied} A process has requested access to an object, but has not been granted those access rights. (0xc0000022)
[0927/232336.324:ERROR:exception_snapshot_win.cc(99)] thread ID 21356 not found in process
[0927/232336.327:ERROR:process_reader_win.cc(123)] NtOpenThread: {Access Denied} A process has requested access to an object, but has not been granted those access rights. (0xc0000022)
[0927/232336.327:ERROR:exception_snapshot_win.cc(99)] thread ID 5716 not found in process
[0927/234155.382:ERROR:process_reader_win.cc(151)] SuspendThread: Access is denied. (0x5)
[0927/234155.387:ERROR:process_reader_win.cc(151)] SuspendThread: Access is denied. (0x5)
[0927/234155.389:ERROR:process_reader_win.cc(151)] SuspendThread: Access is denied. (0x5)
[0927/234155.387:ERROR:process_reader_win.cc(151)] SuspendThread: Access is denied. (0x5)
[0927/234155.389:ERROR:process_reader_win.cc(151)] SuspendThread: Access is denied. (0x5)
[0927/234155.389:ERROR:process_reader_win.cc(123)] NtOpenThread: {Access Denied} A process has requested access to an object, but has not been granted those access rights. (0xc0000022)
[0927/234155.389:ERROR:process_reader_win.cc(123)] NtOpenThread: {Access Denied} A process has requested access to an object, but has not been granted those access rights. (0xc0000022)
[0927/234155.390:ERROR:exception_snapshot_win.cc(99)] thread ID 20724 not found in process
[0927/234155.390:ERROR:exception_snapshot_win.cc(99)] thread ID 14700 not found in process
[0927/234155.395:ERROR:process_reader_win.cc(151)] SuspendThread: Access is denied. (0x5)
[0927/234155.395:ERROR:process_reader_win.cc(151)] SuspendThread: Access is denied. (0x5)
[0927/234155.395:ERROR:process_reader_win.cc(123)] NtOpenThread: {Access Denied} A process has requested access to an object, but has not been granted those access rights. (0xc0000022)
[0927/234155.395:ERROR:exception_snapshot_win.cc(99)] thread ID 10192 not found in process
[0927/234557.408:ERROR:process_reader_win.cc(151)] SuspendThread: Access is denied. (0x5)
[0927/234557.433:ERROR:process_reader_win.cc(151)] SuspendThread: Access is denied. (0x5)
[0927/234557.434:ERROR:process_reader_win.cc(151)] SuspendThread: Access is denied. (0x5)
[0927/234557.434:ERROR:process_reader_win.cc(151)] SuspendThread: Access is denied. (0x5)
[0927/234557.434:ERROR:process_reader_win.cc(151)] SuspendThread: Access is denied. (0x5)
[0927/234557.421:ERROR:process_reader_win.cc(123)] NtOpenThread: {Access Denied} A process has requested access to an object, but has not been granted those access rights. (0xc0000022)
[0927/234557.438:ERROR:exception_snapshot_win.cc(99)] thread ID 12456 not found in process
[0927/234557.434:ERROR:process_reader_win.cc(123)] NtOpenThread: {Access Denied} A process has requested access to an object, but has not been granted those access rights. (0xc0000022)
[0927/234557.448:ERROR:exception_snapshot_win.cc(99)] thread ID 10980 not found in process
[0927/234557.502:ERROR:process_reader_win.cc(151)] SuspendThread: Access is denied. (0x5)
[0927/234557.502:ERROR:process_reader_win.cc(151)] SuspendThread: Access is denied. (0x5)
[0927/234557.502:ERROR:process_reader_win.cc(123)] NtOpenThread: {Access Denied} A process has requested access to an object, but has not been granted those access rights. (0xc0000022)
[0927/234557.502:ERROR:exception_snapshot_win.cc(99)] thread ID 21112 not found in process
[0930/142536.197:ERROR:process_reader_win.cc(123)] NtOpenThread: {Access Denied} A process has requested access to an object, but has not been granted those access rights. (0xc0000022)
[0930/142536.204:ERROR:exception_snapshot_win.cc(99)] thread ID 8816 not found in process
[0930/142536.222:ERROR:process_reader_win.cc(151)] SuspendThread: Access is denied. (0x5)
[0930/142536.222:ERROR:process_reader_win.cc(123)] NtOpenThread: {Access Denied} A process has requested access to an object, but has not been granted those access rights. (0xc0000022)
[0930/142536.222:ERROR:exception_snapshot_win.cc(99)] thread ID 4764 not found in process
[0930/142840.824:ERROR:process_reader_win.cc(123)] NtOpenThread: {Access Denied} A process has requested access to an object, but has not been granted those access rights. (0xc0000022)
[0930/142840.830:ERROR:exception_snapshot_win.cc(99)] thread ID 3168 not found in process
[0930/142840.847:ERROR:process_info.cc(329)] VirtualQueryEx: Access is denied. (0x5)
[0930/142840.847:ERROR:process_info.cc(556)] ReadMemoryInfo failed
[0930/142840.847:ERROR:process_memory_win.cc(39)] Failed to initialize ProcessInfo.
[0930/142840.848:ERROR:scoped_process_suspend.cc(40)] NtResumeProcess: An attempt was made to access an exiting process. (0xc000010a)
[0930/143401.098:ERROR:process_reader_win.cc(123)] NtOpenThread: {Access Denied} A process has requested access to an object, but has not been granted those access rights. (0xc0000022)
[0930/143401.100:ERROR:exception_snapshot_win.cc(99)] thread ID 8912 not found in process
[0930/143401.119:ERROR:process_reader_win.cc(123)] NtOpenThread: {Access Denied} A process has requested access to an object, but has not been granted those access rights. (0xc0000022)
[0930/143401.119:ERROR:exception_snapshot_win.cc(99)] thread ID 4592 not found in process
[0930/143700.876:ERROR:process_reader_win.cc(123)] NtOpenThread: {Access Denied} A process has requested access to an object, but has not been granted those access rights. (0xc0000022)
[0930/143700.877:ERROR:exception_snapshot_win.cc(99)] thread ID 17768 not found in process
[0930/143700.894:ERROR:process_info.cc(329)] VirtualQueryEx: Access is denied. (0x5)
[0930/143700.895:ERROR:process_info.cc(556)] ReadMemoryInfo failed
[0930/143700.895:ERROR:process_memory_win.cc(39)] Failed to initialize ProcessInfo.
[0930/143700.895:ERROR:scoped_process_suspend.cc(40)] NtResumeProcess: An attempt was made to access an exiting process. (0xc000010a)
[0930/144028.864:ERROR:process_reader_win.cc(123)] NtOpenThread: {Access Denied} A process has requested access to an object, but has not been granted those access rights. (0xc0000022)
[0930/144028.867:ERROR:exception_snapshot_win.cc(99)] thread ID 11848 not found in process
[0930/144028.894:ERROR:process_info.cc(329)] VirtualQueryEx: Access is denied. (0x5)
[0930/144028.895:ERROR:process_info.cc(556)] ReadMemoryInfo failed
[0930/144028.895:ERROR:process_memory_win.cc(39)] Failed to initialize ProcessInfo.
[0930/144028.895:ERROR:scoped_process_suspend.cc(40)] NtResumeProcess: An attempt was made to access an exiting process. (0xc000010a)
[0930/145519.263:ERROR:process_reader_win.cc(123)] NtOpenThread: {Access Denied} A process has requested access to an object, but has not been granted those access rights. (0xc0000022)
[0930/145519.268:ERROR:exception_snapshot_win.cc(99)] thread ID 18092 not found in process
[0930/145519.317:ERROR:process_reader_win.cc(123)] NtOpenThread: {Access Denied} A process has requested access to an object, but has not been granted those access rights. (0xc0000022)
[0930/145519.317:ERROR:exception_snapshot_win.cc(99)] thread ID 18376 not found in process
[0930/145919.953:ERROR:process_reader_win.cc(123)] NtOpenThread: {Access Denied} A process has requested access to an object, but has not been granted those access rights. (0xc0000022)
[0930/145919.954:ERROR:exception_snapshot_win.cc(99)] thread ID 2660 not found in process
[0930/145919.967:ERROR:process_reader_win.cc(123)] NtOpenThread: {Access Denied} A process has requested access to an object, but has not been granted those access rights. (0xc0000022)
[0930/145919.967:ERROR:exception_snapshot_win.cc(99)] thread ID 4864 not found in process
[0930/150147.219:ERROR:process_reader_win.cc(123)] NtOpenThread: {Access Denied} A process has requested access to an object, but has not been granted those access rights. (0xc0000022)
[0930/150147.220:ERROR:exception_snapshot_win.cc(99)] thread ID 17892 not found in process
[0930/150147.263:ERROR:process_reader_win.cc(123)] NtOpenThread: {Access Denied} A process has requested access to an object, but has not been granted those access rights. (0xc0000022)
[0930/150147.263:ERROR:exception_snapshot_win.cc(99)] thread ID 16824 not found in process
[0930/150335.856:ERROR:process_reader_win.cc(123)] NtOpenThread: {Access Denied} A process has requested access to an object, but has not been granted those access rights. (0xc0000022)
[0930/150335.862:ERROR:exception_snapshot_win.cc(99)] thread ID 17596 not found in process
[0930/150335.883:ERROR:process_reader_win.cc(108)] process 9920 not found
[0930/150335.883:ERROR:exception_snapshot_win.cc(99)] thread ID 17120 not found in process
[0930/150335.884:ERROR:scoped_process_suspend.cc(40)] NtResumeProcess: An attempt was made to access an exiting process. (0xc000010a)
[0930/150448.801:ERROR:process_reader_win.cc(151)] SuspendThread: Access is denied. (0x5)
[0930/150448.794:ERROR:process_reader_win.cc(151)] SuspendThread: Access is denied. (0x5)
[0930/150448.814:ERROR:process_reader_win.cc(151)] SuspendThread: Access is denied. (0x5)
[0930/150448.814:ERROR:process_reader_win.cc(123)] NtOpenThread: {Access Denied} A process has requested access to an object, but has not been granted those access rights. (0xc0000022)
[0930/150448.814:ERROR:exception_snapshot_win.cc(99)] thread ID 5896 not found in process
[0930/150448.769:ERROR:process_reader_win.cc(151)] SuspendThread: Access is denied. (0x5)
[0930/150448.815:ERROR:process_reader_win.cc(151)] SuspendThread: Access is denied. (0x5)
[0930/150448.815:ERROR:process_reader_win.cc(151)] SuspendThread: Access is denied. (0x5)
[0930/150448.815:ERROR:process_reader_win.cc(151)] SuspendThread: Access is denied. (0x5)
[0930/150448.815:ERROR:process_reader_win.cc(151)] SuspendThread: Access is denied. (0x5)
[0930/150448.815:ERROR:process_reader_win.cc(123)] NtOpenThread: {Access Denied} A process has requested access to an object, but has not been granted those access rights. (0xc0000022)
[0930/150448.815:ERROR:exception_snapshot_win.cc(99)] thread ID 4296 not found in process
[0930/150448.814:ERROR:process_reader_win.cc(123)] NtOpenThread: {Access Denied} A process has requested access to an object, but has not been granted those access rights. (0xc0000022)
[0930/150448.818:ERROR:exception_snapshot_win.cc(99)] thread ID 17288 not found in process
[0930/150645.699:ERROR:process_reader_win.cc(123)] NtOpenThread: {Access Denied} A process has requested access to an object, but has not been granted those access rights. (0xc0000022)
[0930/150645.700:ERROR:exception_snapshot_win.cc(99)] thread ID 15500 not found in process
[0930/150645.711:ERROR:process_reader_win.cc(123)] NtOpenThread: {Access Denied} A process has requested access to an object, but has not been granted those access rights. (0xc0000022)
[0930/150645.711:ERROR:exception_snapshot_win.cc(99)] thread ID 8996 not found in process
[0930/150645.717:ERROR:process_reader_win.cc(123)] NtOpenThread: {Access Denied} A process has requested access to an object, but has not been granted those access rights. (0xc0000022)
[0930/150645.717:ERROR:exception_snapshot_win.cc(99)] thread ID 988 not found in process
[0930/150734.902:ERROR:process_reader_win.cc(123)] NtOpenThread: {Access Denied} A process has requested access to an object, but has not been granted those access rights. (0xc0000022)
[0930/150734.907:ERROR:exception_snapshot_win.cc(99)] thread ID 2736 not found in process
[0930/150734.924:ERROR:process_reader_win.cc(123)] NtOpenThread: {Access Denied} A process has requested access to an object, but has not been granted those access rights. (0xc0000022)
[0930/150734.924:ERROR:exception_snapshot_win.cc(99)] thread ID 15320 not found in process
[0930/150949.529:ERROR:process_reader_win.cc(123)] NtOpenThread: {Access Denied} A process has requested access to an object, but has not been granted those access rights. (0xc0000022)
[0930/150949.534:ERROR:exception_snapshot_win.cc(99)] thread ID 696 not found in process
[0930/150949.533:ERROR:process_reader_win.cc(123)] NtOpenThread: {Access Denied} A process has requested access to an object, but has not been granted those access rights. (0xc0000022)
[0930/150949.534:ERROR:exception_snapshot_win.cc(99)] thread ID 8152 not found in process
[0930/151921.525:ERROR:process_reader_win.cc(123)] NtOpenThread: {Access Denied} A process has requested access to an object, but has not been granted those access rights. (0xc0000022)
[0930/151921.529:ERROR:exception_snapshot_win.cc(99)] thread ID 14408 not found in process
[0930/151921.540:ERROR:process_reader_win.cc(123)] NtOpenThread: {Access Denied} A process has requested access to an object, but has not been granted those access rights. (0xc0000022)
[0930/151921.540:ERROR:exception_snapshot_win.cc(99)] thread ID 17404 not found in process
[0930/152023.862:ERROR:process_reader_win.cc(123)] NtOpenThread: {Access Denied} A process has requested access to an object, but has not been granted those access rights. (0xc0000022)
[0930/152023.866:ERROR:exception_snapshot_win.cc(99)] thread ID 8468 not found in process
[0930/152023.884:ERROR:process_reader_win.cc(123)] NtOpenThread: {Access Denied} A process has requested access to an object, but has not been granted those access rights. (0xc0000022)
[0930/152023.884:ERROR:exception_snapshot_win.cc(99)] thread ID 11508 not found in process
[0930/182249.990:ERROR:process_reader_win.cc(123)] NtOpenThread: {Access Denied} A process has requested access to an object, but has not been granted those access rights. (0xc0000022)
[0930/182249.994:ERROR:exception_snapshot_win.cc(99)] thread ID 17480 not found in process
[0930/182250.008:ERROR:process_reader_win.cc(123)] NtOpenThread: {Access Denied} A process has requested access to an object, but has not been granted those access rights. (0xc0000022)
[0930/182250.008:ERROR:exception_snapshot_win.cc(99)] thread ID 4332 not found in process
[0930/183634.372:ERROR:process_reader_win.cc(123)] NtOpenThread: {Access Denied} A process has requested access to an object, but has not been granted those access rights. (0xc0000022)
[0930/183634.377:ERROR:exception_snapshot_win.cc(99)] thread ID 17900 not found in process
[0930/183634.423:ERROR:process_reader_win.cc(123)] NtOpenThread: {Access Denied} A process has requested access to an object, but has not been granted those access rights. (0xc0000022)
[0930/183634.423:ERROR:exception_snapshot_win.cc(99)] thread ID 9424 not found in process
[0930/184701.015:ERROR:process_reader_win.cc(123)] NtOpenThread: {Access Denied} A process has requested access to an object, but has not been granted those access rights. (0xc0000022)
[0930/184701.019:ERROR:exception_snapshot_win.cc(99)] thread ID 120 not found in process
[0930/184701.020:ERROR:process_reader_win.cc(123)] NtOpenThread: {Access Denied} A process has requested access to an object, but has not been granted those access rights. (0xc0000022)
[0930/184701.020:ERROR:exception_snapshot_win.cc(99)] thread ID 7324 not found in process
[0930/192201.110:ERROR:process_reader_win.cc(123)] NtOpenThread: {Access Denied} A process has requested access to an object, but has not been granted those access rights. (0xc0000022)
[0930/192201.113:ERROR:process_reader_win.cc(123)] NtOpenThread: {Access Denied} A process has requested access to an object, but has not been granted those access rights. (0xc0000022)
[0930/192201.114:ERROR:exception_snapshot_win.cc(99)] thread ID 2428 not found in process
[0930/193346.600:ERROR:process_reader_win.cc(123)] NtOpenThread: {Access Denied} A process has requested access to an object, but has not been granted those access rights. (0xc0000022)
[0930/193346.603:ERROR:exception_snapshot_win.cc(99)] thread ID 236 not found in process
[0930/193346.610:ERROR:process_reader_win.cc(123)] NtOpenThread: {Access Denied} A process has requested access to an object, but has not been granted those access rights. (0xc0000022)
[0930/193346.611:ERROR:exception_snapshot_win.cc(99)] thread ID 6180 not found in process
[0930/194315.090:ERROR:process_reader_win.cc(123)] NtOpenThread: {Access Denied} A process has requested access to an object, but has not been granted those access rights. (0xc0000022)
[0930/194315.094:ERROR:exception_snapshot_win.cc(99)] thread ID 16948 not found in process
[0930/194315.107:ERROR:process_reader_win.cc(123)] NtOpenThread: {Access Denied} A process has requested access to an object, but has not been granted those access rights. (0xc0000022)
[0930/194315.107:ERROR:exception_snapshot_win.cc(99)] thread ID 16776 not found in process
[0930/194933.094:ERROR:process_reader_win.cc(123)] NtOpenThread: {Access Denied} A process has requested access to an object, but has not been granted those access rights. (0xc0000022)
[0930/194933.099:ERROR:exception_snapshot_win.cc(99)] thread ID 18344 not found in process
[0930/194933.097:ERROR:process_reader_win.cc(123)] NtOpenThread: {Access Denied} A process has requested access to an object, but has not been granted those access rights. (0xc0000022)
[0930/194933.102:ERROR:exception_snapshot_win.cc(99)] thread ID 7964 not found in process
[0930/195220.764:ERROR:process_reader_win.cc(123)] NtOpenThread: {Access Denied} A process has requested access to an object, but has not been granted those access rights. (0xc0000022)
[0930/195220.786:ERROR:exception_snapshot_win.cc(99)] thread ID 9512 not found in process
[0930/195220.789:ERROR:process_reader_win.cc(123)] NtOpenThread: {Access Denied} A process has requested access to an object, but has not been granted those access rights. (0xc0000022)
[0930/195220.790:ERROR:exception_snapshot_win.cc(99)] thread ID 17668 not found in process
[0930/195220.857:ERROR:process_reader_win.cc(123)] NtOpenThread: {Access Denied} A process has requested access to an object, but has not been granted those access rights. (0xc0000022)
[0930/195220.857:ERROR:exception_snapshot_win.cc(99)] thread ID 14180 not found in process
[0930/195220.859:ERROR:process_reader_win.cc(123)] NtOpenThread: {Access Denied} A process has requested access to an object, but has not been granted those access rights. (0xc0000022)
[0930/195220.859:ERROR:exception_snapshot_win.cc(99)] thread ID 9368 not found in process
[0930/195926.570:ERROR:process_reader_win.cc(123)] NtOpenThread: {Access Denied} A process has requested access to an object, but has not been granted those access rights. (0xc0000022)
[0930/195926.574:ERROR:exception_snapshot_win.cc(99)] thread ID 19112 not found in process
[0930/195926.587:ERROR:process_reader_win.cc(123)] NtOpenThread: {Access Denied} A process has requested access to an object, but has not been granted those access rights. (0xc0000022)
[0930/195926.588:ERROR:exception_snapshot_win.cc(99)] thread ID 2288 not found in process
[0930/195926.588:ERROR:scoped_process_suspend.cc(40)] NtResumeProcess: An attempt was made to access an exiting process. (0xc000010a)
[0930/200307.983:ERROR:process_reader_win.cc(123)] NtOpenThread: {Access Denied} A process has requested access to an object, but has not been granted those access rights. (0xc0000022)
[0930/200307.987:ERROR:exception_snapshot_win.cc(99)] thread ID 19120 not found in process
[0930/200308.004:ERROR:process_info.cc(329)] VirtualQueryEx: Access is denied. (0x5)
[0930/200308.005:ERROR:process_info.cc(556)] ReadMemoryInfo failed
[0930/200308.005:ERROR:process_memory_win.cc(39)] Failed to initialize ProcessInfo.
[0930/200308.005:ERROR:scoped_process_suspend.cc(40)] NtResumeProcess: An attempt was made to access an exiting process. (0xc000010a)
[0930/200632.403:ERROR:process_reader_win.cc(123)] NtOpenThread: {Access Denied} A process has requested access to an object, but has not been granted those access rights. (0xc0000022)
[0930/200632.408:ERROR:exception_snapshot_win.cc(99)] thread ID 18632 not found in process
[0930/200632.415:ERROR:process_reader_win.cc(123)] NtOpenThread: {Access Denied} A process has requested access to an object, but has not been granted those access rights. (0xc0000022)
[0930/200632.415:ERROR:exception_snapshot_win.cc(99)] thread ID 14296 not found in process
[0930/201157.473:ERROR:process_reader_win.cc(151)] SuspendThread: Access is denied. (0x5)
[0930/201157.479:ERROR:process_reader_win.cc(151)] SuspendThread: Access is denied. (0x5)
[0930/201157.479:ERROR:process_reader_win.cc(151)] SuspendThread: Access is denied. (0x5)
[0930/201157.479:ERROR:process_reader_win.cc(151)] SuspendThread: Access is denied. (0x5)
[0930/201157.479:ERROR:process_reader_win.cc(123)] NtOpenThread: {Access Denied} A process has requested access to an object, but has not been granted those access rights. (0xc0000022)
[0930/201157.480:ERROR:exception_snapshot_win.cc(99)] thread ID 16840 not found in process
[0930/201157.506:ERROR:process_reader_win.cc(123)] NtOpenThread: {Access Denied} A process has requested access to an object, but has not been granted those access rights. (0xc0000022)
[0930/201157.505:ERROR:process_reader_win.cc(123)] NtOpenThread: {Access Denied} A process has requested access to an object, but has not been granted those access rights. (0xc0000022)
[0930/201157.506:ERROR:exception_snapshot_win.cc(99)] thread ID 2288 not found in process
[0930/201157.506:ERROR:exception_snapshot_win.cc(99)] thread ID 656 not found in process
[0930/201157.549:ERROR:process_info.cc(329)] VirtualQueryEx: Access is denied. (0x5)
[0930/201157.553:ERROR:process_info.cc(556)] ReadMemoryInfo failed
[0930/201157.553:ERROR:process_memory_win.cc(39)] Failed to initialize ProcessInfo.
[0930/201157.553:ERROR:scoped_process_suspend.cc(40)] NtResumeProcess: An attempt was made to access an exiting process. (0xc000010a)
[0930/202022.084:ERROR:process_reader_win.cc(151)] SuspendThread: Access is denied. (0x5)
[0930/202022.142:ERROR:process_reader_win.cc(151)] SuspendThread: Access is denied. (0x5)
[0930/202022.142:ERROR:process_reader_win.cc(151)] SuspendThread: Access is denied. (0x5)
[0930/202022.142:ERROR:process_reader_win.cc(151)] SuspendThread: Access is denied. (0x5)
[0930/202022.107:ERROR:process_reader_win.cc(123)] NtOpenThread: {Access Denied} A process has requested access to an object, but has not been granted those access rights. (0xc0000022)
[0930/202022.151:ERROR:exception_snapshot_win.cc(99)] thread ID 2236 not found in process
[0930/202022.108:ERROR:process_reader_win.cc(123)] NtOpenThread: {Access Denied} A process has requested access to an object, but has not been granted those access rights. (0xc0000022)
[0930/202022.170:ERROR:exception_snapshot_win.cc(99)] thread ID 10052 not found in process
[0930/202022.142:ERROR:process_reader_win.cc(123)] NtOpenThread: {Access Denied} A process has requested access to an object, but has not been granted those access rights. (0xc0000022)
[0930/202022.174:ERROR:exception_snapshot_win.cc(99)] thread ID 740 not found in process
[0930/202746.916:ERROR:process_reader_win.cc(151)] SuspendThread: Access is denied. (0x5)
[0930/202746.919:ERROR:process_reader_win.cc(151)] SuspendThread: Access is denied. (0x5)
[0930/202746.919:ERROR:process_reader_win.cc(123)] NtOpenThread: {Access Denied} A process has requested access to an object, but has not been granted those access rights. (0xc0000022)
[0930/202746.919:ERROR:exception_snapshot_win.cc(99)] thread ID 17372 not found in process
[0930/202747.025:ERROR:process_reader_win.cc(151)] SuspendThread: Access is denied. (0x5)
[0930/202747.025:ERROR:process_reader_win.cc(151)] SuspendThread: Access is denied. (0x5)
[0930/202747.025:ERROR:process_reader_win.cc(123)] NtOpenThread: {Access Denied} A process has requested access to an object, but has not been granted those access rights. (0xc0000022)
[0930/202747.025:ERROR:exception_snapshot_win.cc(99)] thread ID 17516 not found in process
[0930/204323.523:ERROR:process_reader_win.cc(151)] SuspendThread: Access is denied. (0x5)
[0930/204323.589:ERROR:process_reader_win.cc(151)] SuspendThread: Access is denied. (0x5)
[0930/204323.603:ERROR:process_reader_win.cc(151)] SuspendThread: Access is denied. (0x5)
[0930/204323.603:ERROR:process_reader_win.cc(151)] SuspendThread: Access is denied. (0x5)
[0930/204323.603:ERROR:process_reader_win.cc(151)] SuspendThread: Access is denied. (0x5)
[0930/204323.603:ERROR:process_reader_win.cc(151)] SuspendThread: Access is denied. (0x5)
[0930/204323.589:ERROR:process_reader_win.cc(123)] NtOpenThread: {Access Denied} A process has requested access to an object, but has not been granted those access rights. (0xc0000022)
[0930/204323.616:ERROR:exception_snapshot_win.cc(99)] thread ID 13484 not found in process
[0930/204323.603:ERROR:process_reader_win.cc(123)] NtOpenThread: {Access Denied} A process has requested access to an object, but has not been granted those access rights. (0xc0000022)
[0930/204323.635:ERROR:exception_snapshot_win.cc(99)] thread ID 5432 not found in process
[0930/204728.999:ERROR:process_reader_win.cc(151)] SuspendThread: Access is denied. (0x5)
[0930/204729.080:ERROR:process_reader_win.cc(151)] SuspendThread: Access is denied. (0x5)
[0930/204729.080:ERROR:process_reader_win.cc(151)] SuspendThread: Access is denied. (0x5)
[0930/204729.081:ERROR:process_reader_win.cc(151)] SuspendThread: Access is denied. (0x5)
[0930/204729.081:ERROR:process_reader_win.cc(123)] NtOpenThread: {Access Denied} A process has requested access to an object, but has not been granted those access rights. (0xc0000022)
[0930/204729.081:ERROR:exception_snapshot_win.cc(99)] thread ID 17340 not found in process
[0930/204729.022:ERROR:process_reader_win.cc(151)] SuspendThread: Access is denied. (0x5)
[0930/204729.098:ERROR:process_reader_win.cc(151)] SuspendThread: Access is denied. (0x5)
[0930/204729.098:ERROR:process_reader_win.cc(123)] NtOpenThread: {Access Denied} A process has requested access to an object, but has not been granted those access rights. (0xc0000022)
[0930/204729.098:ERROR:exception_snapshot_win.cc(99)] thread ID 19076 not found in process
[0930/210341.655:ERROR:process_reader_win.cc(151)] SuspendThread: Access is denied. (0x5)
[0930/210341.699:ERROR:process_reader_win.cc(151)] SuspendThread: Access is denied. (0x5)
[0930/210341.699:ERROR:process_reader_win.cc(151)] SuspendThread: Access is denied. (0x5)
[0930/210341.699:ERROR:process_reader_win.cc(123)] NtOpenThread: {Access Denied} A process has requested access to an object, but has not been granted those access rights. (0xc0000022)
[0930/210341.742:ERROR:exception_snapshot_win.cc(99)] thread ID 340 not found in process
[0930/210830.465:ERROR:process_reader_win.cc(151)] SuspendThread: Access is denied. (0x5)
[0930/210830.540:ERROR:process_reader_win.cc(123)] NtOpenThread: {Access Denied} A process has requested access to an object, but has not been granted those access rights. (0xc0000022)
[0930/210830.541:ERROR:exception_snapshot_win.cc(99)] thread ID 8996 not found in process
[0930/210830.549:ERROR:process_reader_win.cc(151)] SuspendThread: Access is denied. (0x5)
[0930/210830.549:ERROR:process_reader_win.cc(151)] SuspendThread: Access is denied. (0x5)
[0930/210830.549:ERROR:process_reader_win.cc(151)] SuspendThread: Access is denied. (0x5)
[0930/210830.549:ERROR:process_reader_win.cc(151)] SuspendThread: Access is denied. (0x5)
[0930/210830.549:ERROR:process_reader_win.cc(123)] NtOpenThread: {Access Denied} A process has requested access to an object, but has not been granted those access rights. (0xc0000022)
[0930/210830.549:ERROR:exception_snapshot_win.cc(99)] thread ID 6404 not found in process
[0930/210830.513:ERROR:process_reader_win.cc(151)] SuspendThread: Access is denied. (0x5)
[0930/210830.562:ERROR:process_reader_win.cc(151)] SuspendThread: Access is denied. (0x5)
[0930/210830.562:ERROR:process_reader_win.cc(123)] NtOpenThread: {Access Denied} A process has requested access to an object, but has not been granted those access rights. (0xc0000022)
[0930/210830.562:ERROR:exception_snapshot_win.cc(99)] thread ID 19428 not found in process
[0930/211337.218:ERROR:process_reader_win.cc(151)] SuspendThread: Access is denied. (0x5)
[0930/211337.219:ERROR:process_reader_win.cc(123)] NtOpenThread: {Access Denied} A process has requested access to an object, but has not been granted those access rights. (0xc0000022)
[0930/211337.220:ERROR:exception_snapshot_win.cc(99)] thread ID 16452 not found in process
[0930/211337.261:ERROR:process_reader_win.cc(151)] SuspendThread: Access is denied. (0x5)
[0930/211337.261:ERROR:process_reader_win.cc(151)] SuspendThread: Access is denied. (0x5)
[0930/211337.261:ERROR:process_reader_win.cc(151)] SuspendThread: Access is denied. (0x5)
[0930/211337.261:ERROR:process_reader_win.cc(151)] SuspendThread: Access is denied. (0x5)
[0930/211337.261:ERROR:process_reader_win.cc(123)] NtOpenThread: {Access Denied} A process has requested access to an object, but has not been granted those access rights. (0xc0000022)
[0930/211337.261:ERROR:exception_snapshot_win.cc(99)] thread ID 10724 not found in process
[0930/211603.413:ERROR:process_reader_win.cc(151)] SuspendThread: Access is denied. (0x5)
[0930/211603.474:ERROR:process_reader_win.cc(123)] NtOpenThread: {Access Denied} A process has requested access to an object, but has not been granted those access rights. (0xc0000022)
[0930/211603.509:ERROR:exception_snapshot_win.cc(99)] thread ID 18228 not found in process
[0930/211603.488:ERROR:process_reader_win.cc(123)] NtOpenThread: {Access Denied} A process has requested access to an object, but has not been granted those access rights. (0xc0000022)
[0930/211603.529:ERROR:exception_snapshot_win.cc(99)] thread ID 9424 not found in process
[0930/211603.564:ERROR:process_reader_win.cc(151)] SuspendThread: Access is denied. (0x5)
[0930/211603.564:ERROR:process_reader_win.cc(151)] SuspendThread: Access is denied. (0x5)
[0930/211603.564:ERROR:process_reader_win.cc(151)] SuspendThread: Access is denied. (0x5)
[0930/211603.564:ERROR:process_reader_win.cc(151)] SuspendThread: Access is denied. (0x5)
[0930/211603.564:ERROR:process_reader_win.cc(123)] NtOpenThread: {Access Denied} A process has requested access to an object, but has not been granted those access rights. (0xc0000022)
[0930/211603.564:ERROR:exception_snapshot_win.cc(99)] thread ID 352 not found in process
[0930/212104.940:ERROR:process_reader_win.cc(151)] SuspendThread: Access is denied. (0x5)
[0930/212104.953:ERROR:process_reader_win.cc(123)] NtOpenThread: {Access Denied} A process has requested access to an object, but has not been granted those access rights. (0xc0000022)
[0930/212104.971:ERROR:exception_snapshot_win.cc(99)] thread ID 16464 not found in process
[0930/212104.972:ERROR:process_reader_win.cc(151)] SuspendThread: Access is denied. (0x5)
[0930/212104.972:ERROR:process_reader_win.cc(151)] SuspendThread: Access is denied. (0x5)
[0930/212104.972:ERROR:process_reader_win.cc(151)] SuspendThread: Access is denied. (0x5)
[0930/212104.972:ERROR:process_reader_win.cc(151)] SuspendThread: Access is denied. (0x5)
[0930/212104.972:ERROR:process_reader_win.cc(123)] NtOpenThread: {Access Denied} A process has requested access to an object, but has not been granted those access rights. (0xc0000022)
[0930/212104.972:ERROR:exception_snapshot_win.cc(99)] thread ID 10160 not found in process
[0930/212808.619:ERROR:process_reader_win.cc(123)] NtOpenThread: {Access Denied} A process has requested access to an object, but has not been granted those access rights. (0xc0000022)
[0930/212808.653:ERROR:exception_snapshot_win.cc(99)] thread ID 8188 not found in process
[0930/212808.670:ERROR:process_reader_win.cc(151)] SuspendThread: Access is denied. (0x5)
[0930/212808.726:ERROR:process_reader_win.cc(151)] SuspendThread: Access is denied. (0x5)
[0930/212808.726:ERROR:process_reader_win.cc(151)] SuspendThread: Access is denied. (0x5)
[0930/212808.726:ERROR:process_reader_win.cc(151)] SuspendThread: Access is denied. (0x5)
[0930/212808.726:ERROR:process_reader_win.cc(123)] NtOpenThread: {Access Denied} A process has requested access to an object, but has not been granted those access rights. (0xc0000022)
[0930/212808.726:ERROR:exception_snapshot_win.cc(99)] thread ID 17096 not found in process
[0930/220556.842:ERROR:process_reader_win.cc(123)] NtOpenThread: {Access Denied} A process has requested access to an object, but has not been granted those access rights. (0xc0000022)
[0930/220556.846:ERROR:exception_snapshot_win.cc(99)] thread ID 19068 not found in process
[0930/220556.894:ERROR:process_reader_win.cc(123)] NtOpenThread: {Access Denied} A process has requested access to an object, but has not been granted those access rights. (0xc0000022)
[0930/220556.894:ERROR:exception_snapshot_win.cc(99)] thread ID 17400 not found in process
[0930/221237.283:ERROR:process_reader_win.cc(123)] NtOpenThread: {Access Denied} A process has requested access to an object, but has not been granted those access rights. (0xc0000022)
[0930/221237.287:ERROR:exception_snapshot_win.cc(99)] thread ID 9540 not found in process
[0930/221237.302:ERROR:process_reader_win.cc(123)] NtOpenThread: {Access Denied} A process has requested access to an object, but has not been granted those access rights. (0xc0000022)
[0930/221237.302:ERROR:exception_snapshot_win.cc(99)] thread ID 19232 not found in process
[0930/221346.985:ERROR:process_reader_win.cc(123)] NtOpenThread: {Access Denied} A process has requested access to an object, but has not been granted those access rights. (0xc0000022)
[0930/221346.993:ERROR:exception_snapshot_win.cc(99)] thread ID 16300 not found in process
[0930/221347.015:ERROR:process_info.cc(329)] VirtualQueryEx: Access is denied. (0x5)
[0930/221347.017:ERROR:process_info.cc(556)] ReadMemoryInfo failed
[0930/221347.017:ERROR:process_memory_win.cc(39)] Failed to initialize ProcessInfo.
[0930/221347.017:ERROR:scoped_process_suspend.cc(40)] NtResumeProcess: An attempt was made to access an exiting process. (0xc000010a)
[0930/221710.773:ERROR:process_reader_win.cc(123)] NtOpenThread: {Access Denied} A process has requested access to an object, but has not been granted those access rights. (0xc0000022)
[0930/221710.773:ERROR:exception_snapshot_win.cc(99)] thread ID 19428 not found in process
[0930/221710.824:ERROR:process_reader_win.cc(123)] NtOpenThread: {Access Denied} A process has requested access to an object, but has not been granted those access rights. (0xc0000022)
[0930/221710.824:ERROR:exception_snapshot_win.cc(99)] thread ID 13000 not found in process
[1013/164715.119:ERROR:process_reader_win.cc(123)] NtOpenThread: {Access Denied} A process has requested access to an object, but has not been granted those access rights. (0xc0000022)
[1013/164715.125:ERROR:exception_snapshot_win.cc(99)] thread ID 11144 not found in process
[1013/164715.259:ERROR:process_reader_win.cc(123)] NtOpenThread: {Access Denied} A process has requested access to an object, but has not been granted those access rights. (0xc0000022)
[1013/164715.259:ERROR:exception_snapshot_win.cc(99)] thread ID 26100 not found in process
[1020/164144.823:ERROR:process_reader_win.cc(123)] NtOpenThread: {Access Denied} A process has requested access to an object, but has not been granted those access rights. (0xc0000022)
[1020/164144.830:ERROR:exception_snapshot_win.cc(99)] thread ID 22924 not found in process
[1020/164144.951:ERROR:process_reader_win.cc(151)] SuspendThread: Access is denied. (0x5)
[1020/164144.952:ERROR:process_reader_win.cc(151)] SuspendThread: Access is denied. (0x5)
[1020/164144.952:ERROR:process_reader_win.cc(151)] SuspendThread: Access is denied. (0x5)
[1020/164144.952:ERROR:process_reader_win.cc(123)] NtOpenThread: {Access Denied} A process has requested access to an object, but has not been granted those access rights. (0xc0000022)
[1020/164144.952:ERROR:exception_snapshot_win.cc(99)] thread ID 7072 not found in process
[1026/144242.889:ERROR:directory_reader_win.cc(43)] FindFirstFile: The system cannot find the path specified. (0x3)
[1113/100734.612:ERROR:directory_reader_win.cc(43)] FindFirstFile: The system cannot find the path specified. (0x3)
[1123/163813.638:ERROR:directory_reader_win.cc(43)] FindFirstFile: The system cannot find the path specified. (0x3)
[0111/111432.784:ERROR:directory_reader_win.cc(43)] FindFirstFile: The system cannot find the path specified. (0x3)
[0113/151127.522:ERROR:process_reader_win.cc(123)] NtOpenThread: {Access Denied} A process has requested access to an object, but has not been granted those access rights. (0xc0000022)
[0113/151127.524:ERROR:exception_snapshot_win.cc(99)] thread ID 3200 not found in process
[0113/151127.559:ERROR:process_info.cc(329)] VirtualQueryEx: Access is denied. (0x5)
[0113/151127.562:ERROR:process_info.cc(556)] ReadMemoryInfo failed
[0113/151127.562:ERROR:process_memory_win.cc(39)] Failed to initialize ProcessInfo.
[0113/151127.562:ERROR:scoped_process_suspend.cc(40)] NtResumeProcess: An attempt was made to access an exiting process. (0xc000010a)
[0113/151504.863:ERROR:process_reader_win.cc(123)] NtOpenThread: {Access Denied} A process has requested access to an object, but has not been granted those access rights. (0xc0000022)
[0113/151504.867:ERROR:exception_snapshot_win.cc(99)] thread ID 20616 not found in process
[0113/151504.897:ERROR:process_reader_win.cc(123)] NtOpenThread: {Access Denied} A process has requested access to an object, but has not been granted those access rights. (0xc0000022)
[0113/151504.898:ERROR:exception_snapshot_win.cc(99)] thread ID 24204 not found in process
[0114/081809.734:ERROR:process_reader_win.cc(151)] SuspendThread: Access is denied. (0x5)
[0114/081809.748:ERROR:process_reader_win.cc(151)] SuspendThread: Access is denied. (0x5)
[0114/081809.748:ERROR:process_reader_win.cc(151)] SuspendThread: Access is denied. (0x5)
[0114/081809.748:ERROR:process_reader_win.cc(151)] SuspendThread: Access is denied. (0x5)
[0114/081809.748:ERROR:process_reader_win.cc(151)] SuspendThread: Access is denied. (0x5)
[0114/081809.748:ERROR:process_reader_win.cc(151)] SuspendThread: Access is denied. (0x5)
[0114/081809.748:ERROR:process_reader_win.cc(123)] NtOpenThread: {Access Denied} A process has requested access to an object, but has not been granted those access rights. (0xc0000022)
[0114/081809.756:ERROR:exception_snapshot_win.cc(99)] thread ID 2592 not found in process
[0114/081809.787:ERROR:process_reader_win.cc(151)] SuspendThread: Access is denied. (0x5)
[0114/081809.787:ERROR:process_reader_win.cc(123)] NtOpenThread: {Access Denied} A process has requested access to an object, but has not been granted those access rights. (0xc0000022)
[0114/081809.787:ERROR:exception_snapshot_win.cc(99)] thread ID 1788 not found in process
[0114/082431.843:ERROR:process_reader_win.cc(123)] NtOpenThread: {Access Denied} A process has requested access to an object, but has not been granted those access rights. (0xc0000022)
[0114/082431.860:ERROR:exception_snapshot_win.cc(99)] thread ID 24368 not found in process
[0114/082431.898:ERROR:process_reader_win.cc(108)] process 19140 not found
[0114/082431.898:ERROR:exception_snapshot_win.cc(99)] thread ID 11076 not found in process
[0114/082431.898:ERROR:scoped_process_suspend.cc(40)] NtResumeProcess: An attempt was made to access an exiting process. (0xc000010a)
[0114/082919.454:ERROR:process_reader_win.cc(123)] NtOpenThread: {Access Denied} A process has requested access to an object, but has not been granted those access rights. (0xc0000022)
[0114/082919.461:ERROR:exception_snapshot_win.cc(99)] thread ID 21008 not found in process
[0114/082919.590:ERROR:process_reader_win.cc(123)] NtOpenThread: {Access Denied} A process has requested access to an object, but has not been granted those access rights. (0xc0000022)
[0114/082919.590:ERROR:exception_snapshot_win.cc(99)] thread ID 15172 not found in process
[0114/083423.735:ERROR:process_reader_win.cc(151)] SuspendThread: Access is denied. (0x5)
[0114/083423.760:ERROR:process_reader_win.cc(151)] SuspendThread: Access is denied. (0x5)
[0114/083423.760:ERROR:process_reader_win.cc(151)] SuspendThread: Access is denied. (0x5)
[0114/083423.760:ERROR:process_reader_win.cc(151)] SuspendThread: Access is denied. (0x5)
[0114/083423.760:ERROR:process_reader_win.cc(123)] NtOpenThread: {Access Denied} A process has requested access to an object, but has not been granted those access rights. (0xc0000022)
[0114/083423.783:ERROR:exception_snapshot_win.cc(99)] thread ID 21192 not found in process
[0114/083423.797:ERROR:process_reader_win.cc(151)] SuspendThread: Access is denied. (0x5)
[0114/083423.801:ERROR:process_reader_win.cc(151)] SuspendThread: Access is denied. (0x5)
[0114/083423.807:ERROR:process_reader_win.cc(151)] SuspendThread: Access is denied. (0x5)
[0114/083423.807:ERROR:process_reader_win.cc(123)] NtOpenThread: {Access Denied} A process has requested access to an object, but has not been granted those access rights. (0xc0000022)
[0114/083423.810:ERROR:exception_snapshot_win.cc(99)] thread ID 25312 not found in process
[0114/083423.821:ERROR:process_reader_win.cc(151)] SuspendThread: Access is denied. (0x5)
[0114/083423.822:ERROR:process_reader_win.cc(123)] NtOpenThread: {Access Denied} A process has requested access to an object, but has not been granted those access rights. (0xc0000022)
[0114/083423.822:ERROR:exception_snapshot_win.cc(99)] thread ID 7748 not found in process
[0114/083423.828:ERROR:process_reader_win.cc(123)] NtOpenThread: {Access Denied} A process has requested access to an object, but has not been granted those access rights. (0xc0000022)
[0114/083423.828:ERROR:exception_snapshot_win.cc(99)] thread ID 21800 not found in process
[0114/084631.600:ERROR:directory_reader_win.cc(43)] FindFirstFile: The system cannot find the path specified. (0x3)
[0114/084942.109:ERROR:process_reader_win.cc(123)] NtOpenThread: {Access Denied} A process has requested access to an object, but has not been granted those access rights. (0xc0000022)
[0114/084942.112:ERROR:exception_snapshot_win.cc(99)] thread ID 25544 not found in process
[0114/084942.161:ERROR:process_reader_win.cc(123)] NtOpenThread: {Access Denied} A process has requested access to an object, but has not been granted those access rights. (0xc0000022)
[0114/084942.161:ERROR:exception_snapshot_win.cc(99)] thread ID 24188 not found in process
[0114/090037.568:ERROR:directory_reader_win.cc(43)] FindFirstFile: The system cannot find the path specified. (0x3)
[0114/132837.815:ERROR:process_reader_win.cc(123)] NtOpenThread: {Access Denied} A process has requested access to an object, but has not been granted those access rights. (0xc0000022)
[0114/132837.816:ERROR:exception_snapshot_win.cc(99)] thread ID 9112 not found in process
[0114/132837.835:ERROR:process_reader_win.cc(123)] NtOpenThread: {Access Denied} A process has requested access to an object, but has not been granted those access rights. (0xc0000022)
[0114/132837.835:ERROR:exception_snapshot_win.cc(99)] thread ID 1912 not found in process
[0118/114626.228:ERROR:process_reader_win.cc(151)] SuspendThread: Access is denied. (0x5)
[0118/114626.317:ERROR:process_reader_win.cc(151)] SuspendThread: Access is denied. (0x5)
[0118/114626.318:ERROR:process_reader_win.cc(151)] SuspendThread: Access is denied. (0x5)
[0118/114626.318:ERROR:process_reader_win.cc(123)] NtOpenThread: {Access Denied} A process has requested access to an object, but has not been granted those access rights. (0xc0000022)
[0118/114626.319:ERROR:exception_snapshot_win.cc(99)] thread ID 20196 not found in process
[0118/114626.248:ERROR:process_reader_win.cc(151)] SuspendThread: Access is denied. (0x5)
[0118/114626.330:ERROR:process_reader_win.cc(123)] NtOpenThread: {Access Denied} A process has requested access to an object, but has not been granted those access rights. (0xc0000022)
[0118/114626.330:ERROR:exception_snapshot_win.cc(99)] thread ID 23980 not found in process
[0118/114626.412:ERROR:process_reader_win.cc(151)] SuspendThread: Access is denied. (0x5)
[0118/114626.412:ERROR:process_reader_win.cc(151)] SuspendThread: Access is denied. (0x5)
[0118/114626.412:ERROR:process_reader_win.cc(151)] SuspendThread: Access is denied. (0x5)
[0118/114626.412:ERROR:process_reader_win.cc(151)] SuspendThread: Access is denied. (0x5)
[0118/114626.412:ERROR:process_reader_win.cc(123)] NtOpenThread: {Access Denied} A process has requested access to an object, but has not been granted those access rights. (0xc0000022)
[0118/114626.414:ERROR:exception_snapshot_win.cc(99)] thread ID 16880 not found in process
[0118/115136.410:ERROR:process_reader_win.cc(123)] NtOpenThread: {Access Denied} A process has requested access to an object, but has not been granted those access rights. (0xc0000022)
[0118/115136.416:ERROR:exception_snapshot_win.cc(99)] thread ID 19420 not found in process
[0118/115136.560:ERROR:process_reader_win.cc(123)] NtOpenThread: {Access Denied} A process has requested access to an object, but has not been granted those access rights. (0xc0000022)
[0118/115136.560:ERROR:exception_snapshot_win.cc(99)] thread ID 20644 not found in process
[0118/115648.901:ERROR:process_reader_win.cc(123)] NtOpenThread: {Access Denied} A process has requested access to an object, but has not been granted those access rights. (0xc0000022)
[0118/115648.904:ERROR:exception_snapshot_win.cc(99)] thread ID 9992 not found in process
[0118/115649.106:ERROR:process_reader_win.cc(123)] NtOpenThread: {Access Denied} A process has requested access to an object, but has not been granted those access rights. (0xc0000022)
[0118/115649.107:ERROR:exception_snapshot_win.cc(99)] thread ID 820 not found in process
[0118/120046.074:ERROR:process_reader_win.cc(123)] NtOpenThread: {Access Denied} A process has requested access to an object, but has not been granted those access rights. (0xc0000022)
[0118/120046.077:ERROR:exception_snapshot_win.cc(99)] thread ID 24864 not found in process
[0118/120046.129:ERROR:process_info.cc(329)] VirtualQueryEx: Access is denied. (0x5)
[0118/120046.133:ERROR:process_info.cc(556)] ReadMemoryInfo failed
[0118/120046.133:ERROR:process_memory_win.cc(39)] Failed to initialize ProcessInfo.
[0118/120046.133:ERROR:scoped_process_suspend.cc(40)] NtResumeProcess: An attempt was made to access an exiting process. (0xc000010a)
[0118/121350.270:ERROR:directory_reader_win.cc(43)] FindFirstFile: The system cannot find the path specified. (0x3)
[0118/121444.257:ERROR:process_reader_win.cc(123)] NtOpenThread: {Access Denied} A process has requested access to an object, but has not been granted those access rights. (0xc0000022)
[0118/121444.260:ERROR:exception_snapshot_win.cc(99)] thread ID 24192 not found in process
[0118/121444.526:ERROR:process_reader_win.cc(151)] SuspendThread: Access is denied. (0x5)
[0118/121444.526:ERROR:process_reader_win.cc(151)] SuspendThread: Access is denied. (0x5)
[0118/121444.526:ERROR:process_reader_win.cc(151)] SuspendThread: Access is denied. (0x5)
[0118/121444.526:ERROR:process_reader_win.cc(151)] SuspendThread: Access is denied. (0x5)
[0118/121444.526:ERROR:process_reader_win.cc(123)] NtOpenThread: {Access Denied} A process has requested access to an object, but has not been granted those access rights. (0xc0000022)
[0118/121444.526:ERROR:exception_snapshot_win.cc(99)] thread ID 25888 not found in process
[0119/141201.653:ERROR:directory_reader_win.cc(43)] FindFirstFile: The system cannot find the path specified. (0x3)
[0119/141221.984:ERROR:process_reader_win.cc(123)] NtOpenThread: {Access Denied} A process has requested access to an object, but has not been granted those access rights. (0xc0000022)
[0119/141221.987:ERROR:exception_snapshot_win.cc(99)] thread ID 22540 not found in process
[0119/141222.126:ERROR:process_reader_win.cc(123)] NtOpenThread: {Access Denied} A process has requested access to an object, but has not been granted those access rights. (0xc0000022)
[0119/141222.126:ERROR:exception_snapshot_win.cc(99)] thread ID 17252 not found in process
[0119/142411.311:ERROR:directory_reader_win.cc(43)] FindFirstFile: The system cannot find the path specified. (0x3)
[0119/144907.608:ERROR:process_reader_win.cc(123)] NtOpenThread: {Access Denied} A process has requested access to an object, but has not been granted those access rights. (0xc0000022)
[0119/144907.610:ERROR:exception_snapshot_win.cc(99)] thread ID 10116 not found in process
[0119/144907.661:ERROR:process_reader_win.cc(123)] NtOpenThread: {Access Denied} A process has requested access to an object, but has not been granted those access rights. (0xc0000022)
[0119/144907.661:ERROR:exception_snapshot_win.cc(99)] thread ID 12576 not found in process
[0119/145106.593:ERROR:process_reader_win.cc(123)] NtOpenThread: {Access Denied} A process has requested access to an object, but has not been granted those access rights. (0xc0000022)
[0119/145106.601:ERROR:exception_snapshot_win.cc(99)] thread ID 28020 not found in process
[0119/145106.689:ERROR:process_reader_win.cc(123)] NtOpenThread: {Access Denied} A process has requested access to an object, but has not been granted those access rights. (0xc0000022)
[0119/145106.689:ERROR:exception_snapshot_win.cc(99)] thread ID 24456 not found in process
[0119/150408.609:ERROR:process_reader_win.cc(123)] NtOpenThread: {Access Denied} A process has requested access to an object, but has not been granted those access rights. (0xc0000022)
[0119/150408.615:ERROR:exception_snapshot_win.cc(99)] thread ID 3900 not found in process
[0119/150408.815:ERROR:process_reader_win.cc(123)] NtOpenThread: {Access Denied} A process has requested access to an object, but has not been granted those access rights. (0xc0000022)
[0119/150408.815:ERROR:exception_snapshot_win.cc(99)] thread ID 26632 not found in process
[0119/151441.644:ERROR:directory_reader_win.cc(43)] FindFirstFile: The system cannot find the path specified. (0x3)
[0127/131905.983:ERROR:process_reader_win.cc(123)] NtOpenThread: {Access Denied} A process has requested access to an object, but has not been granted those access rights. (0xc0000022)
[0127/131905.988:ERROR:exception_snapshot_win.cc(99)] thread ID 10372 not found in process
[0127/131906.049:ERROR:process_reader_win.cc(123)] NtOpenThread: {Access Denied} A process has requested access to an object, but has not been granted those access rights. (0xc0000022)
[0127/131906.049:ERROR:exception_snapshot_win.cc(99)] thread ID 11716 not found in process
[0129/121117.942:ERROR:directory_reader_win.cc(43)] FindFirstFile: The system cannot find the path specified. (0x3)
[0129/200923.479:ERROR:process_reader_win.cc(123)] NtOpenThread: {Access Denied} A process has requested access to an object, but has not been granted those access rights. (0xc0000022)
[0129/200923.482:ERROR:exception_snapshot_win.cc(99)] thread ID 232 not found in process
[0129/200923.531:ERROR:process_reader_win.cc(108)] process 236 not found
[0129/200923.531:ERROR:exception_snapshot_win.cc(99)] thread ID 1496 not found in process
[0129/200923.531:ERROR:scoped_process_suspend.cc(40)] NtResumeProcess: An attempt was made to access an exiting process. (0xc000010a)
